<?xml version="1.0" encoding="UTF-8"?>
<!-- Generated by org.testng.reporters.JUnitReportReporter -->
<testsuite skipped="0" hostname="LAPTOP-55QQK7EU" name="com.crm.qa.testcases.CalenderPageTest" tests="7" failures="0" timestamp="28 May 2020 13:49:49 GMT" time="106.213" errors="0">
  <testcase name="verifyNewEventPageTest" time="14.286" classname="com.crm.qa.testcases.CalenderPageTest"/>
  <testcase name="createNewEventTest" time="15.287" classname="com.crm.qa.testcases.CalenderPageTest"/>
  <testcase name="createNewEventTest" time="15.516" classname="com.crm.qa.testcases.CalenderPageTest"/>
  <testcase name="createNewEventTest" time="15.293" classname="com.crm.qa.testcases.CalenderPageTest"/>
  <testcase name="verifyCalenderPageTest" time="13.882" classname="com.crm.qa.testcases.CalenderPageTest"/>
  <testcase name="selectYearCalenderTest" time="15.581" classname="com.crm.qa.testcases.CalenderPageTest"/>
  <testcase name="createNewEventTest" time="16.368" classname="com.crm.qa.testcases.CalenderPageTest"/>
</testsuite> <!-- com.crm.qa.testcases.CalenderPageTest -->
