<?xml version="1.0" encoding="UTF-8"?>
<!-- Generated by org.testng.reporters.JUnitReportReporter -->
<testsuite skipped="0" hostname="LAPTOP-55QQK7EU" name="com.crm.qa.testcases.LoginPageTest" tests="3" failures="0" timestamp="27 May 2020 13:58:24 GMT" time="30.258" errors="0">
  <testcase name="loginPageTitleTest" time="8.069" classname="com.crm.qa.testcases.LoginPageTest"/>
  <testcase name="crmLogoImageTest" time="9.150" classname="com.crm.qa.testcases.LoginPageTest"/>
  <testcase name="loginTest" time="13.039" classname="com.crm.qa.testcases.LoginPageTest"/>
</testsuite> <!-- com.crm.qa.testcases.LoginPageTest -->
