<?xml version="1.0" encoding="UTF-8"?>
<!-- Generated by org.testng.reporters.JUnitReportReporter -->
<testsuite skipped="0" hostname="LAPTOP-55QQK7EU" name="com.crm.qa.testcases.ReportPageTest" tests="1" failures="0" timestamp="02 Jun 2020 15:08:16 GMT" time="19.117" errors="0">
  <testcase name="selectDateByJSTest" time="19.117" classname="com.crm.qa.testcases.ReportPageTest"/>
</testsuite> <!-- com.crm.qa.testcases.ReportPageTest -->
