<?xml version="1.0" encoding="UTF-8"?>
<!-- Generated by org.testng.reporters.JUnitReportReporter -->
<testsuite skipped="0" hostname="LAPTOP-55QQK7EU" name="com.crm.qa.testcases.HomePageTest" tests="6" failures="0" timestamp="29 May 2020 13:28:12 GMT" time="81.272" errors="0">
  <testcase name="verifyHomePageTitleTest" time="14.737" classname="com.crm.qa.testcases.HomePageTest"/>
  <testcase name="verifyUserNameTest" time="11.566" classname="com.crm.qa.testcases.HomePageTest"/>
  <testcase name="clickContactLinkTest" time="14.200" classname="com.crm.qa.testcases.HomePageTest"/>
  <testcase name="clickDealsLinkTest" time="13.860" classname="com.crm.qa.testcases.HomePageTest"/>
  <testcase name="clickTasksLinkTest" time="14.149" classname="com.crm.qa.testcases.HomePageTest"/>
  <testcase name="clickReportPageLinkTest" time="12.760" classname="com.crm.qa.testcases.HomePageTest"/>
</testsuite> <!-- com.crm.qa.testcases.HomePageTest -->
