<?xml version="1.0" encoding="UTF-8"?>
<!-- Generated by org.testng.reporters.JUnitReportReporter -->
<testsuite skipped="0" hostname="LAPTOP-55QQK7EU" name="com.crm.qa.testcases.CompaniesPageTest" tests="1" failures="0" timestamp="28 May 2020 13:49:49 GMT" time="15.480" errors="0">
  <testcase name="verifyCompaniesPageTest" time="15.480" classname="com.crm.qa.testcases.CompaniesPageTest"/>
</testsuite> <!-- com.crm.qa.testcases.CompaniesPageTest -->
